  ▲ Next.js 14.2.28
  - Local:        http://localhost:3000
  - Environments: .env
  - Experiments (use with caution):
    · outputFileTracingRoot

 ✓ Starting...
 ✓ Ready in 1511ms
 ○ Compiling / ...
 ✓ Compiled / in 2.7s (658 modules)
 GET / 200 in 2739ms
 ✓ Compiled in 367ms (331 modules)
 GET / 200 in 41ms
 ✓ Compiled /api/pipelines in 211ms (351 modules)
 GET /api/pipelines 200 in 633ms
 GET /api/pipelines 200 in 150ms
 ○ Compiling /manufacturers ...
 ✓ Compiled /manufacturers in 1133ms (862 modules)
 GET /products 200 in 1266ms
 GET /manufacturers 200 in 1267ms
 ✓ Compiled /api/pipelines/[pipelineId] in 133ms (456 modules)
 GET /api/pipelines/fd507c760 500 in 665ms
 GET /api/pipelines/1398624bb0 500 in 687ms
 GET /api/pipelines/1398624bb0 500 in 98ms
 GET /api/pipelines/fd507c760 500 in 101ms
 ✓ Compiled in 467ms (876 modules)
 ✓ Compiled in 333ms (876 modules)
[?25h
