  ▲ Next.js 14.2.28
  - Local:        http://localhost:3000
  - Environments: .env
  - Experiments (use with caution):
    · outputFileTracingRoot

 ✓ Starting...
 ✓ Ready in 1408ms
 ○ Compiling / ...
 ✓ Compiled / in 1574ms (651 modules)
 GET / 200 in 1645ms
 ✓ Compiled in 361ms (331 modules)
 GET / 200 in 44ms
 ✓ Compiled /api/pipelines in 251ms (351 modules)
 GET /api/pipelines 200 in 338ms
 GET /api/pipelines 200 in 19ms
 ○ Compiling /products ...
 ✓ Compiled /products in 1161ms (862 modules)
 GET /manufacturers 200 in 1298ms
 GET /products 200 in 1297ms
 ✓ Compiled /api/pipelines/[pipelineId] in 136ms (456 modules)
 GET /api/pipelines/fd507c760 200 in 414ms
 GET /api/pipelines/1398624bb0 200 in 428ms
 GET /api/pipelines/fd507c760 200 in 34ms
 GET /api/pipelines/1398624bb0 200 in 33ms
[?25h
