Attention: Next.js now collects completely anonymous telemetry regarding usage.
This information is used to shape Next.js' roadmap and prioritize features.
You can learn more, including how to opt-out if you'd not like to participate in this anonymous program, by visiting the following URL:
https://nextjs.org/telemetry

  ▲ Next.js 14.2.28
  - Experiments (use with caution):
    · outputFileTracingRoot

   Creating an optimized production build ...
 ✓ Compiled successfully
   Skipping linting
   Checking validity of types ...
   Collecting page data ...
   Generating static pages (0/7) ...
   Generating static pages (1/7) 
   Generating static pages (3/7) 
   Generating static pages (5/7) 
 ✓ Generating static pages (7/7)
   Finalizing page optimization ...
   Collecting build traces ...

Route (app)                              Size     First Load JS
┌ ○ /                                    3.1 kB          113 kB
├ ○ /_not-found                          873 B            88 kB
├ ○ /api/pipelines                       0 B                0 B
├ ƒ /api/pipelines/[pipelineId]          0 B                0 B
├ ○ /manufacturers                       4.6 kB          129 kB
└ ○ /products                            4.71 kB         129 kB
+ First Load JS shared by all            87.1 kB
  ├ chunks/117-038c31b80680f8e2.js       31.6 kB
  ├ chunks/fd9d1056-2ba9211bca48fd57.js  53.6 kB
  └ other shared chunks (total)          1.9 kB


○  (Static)   prerendered as static content
ƒ  (Dynamic)  server-rendered on demand

Successfully built app artifact
