  ▲ Next.js 14.2.28
  - Local:        http://localhost:3000
  - Environments: .env
  - Experiments (use with caution):
    · outputFileTracingRoot

 ✓ Starting...
Attention: Next.js now collects completely anonymous telemetry regarding usage.
This information is used to shape Next.js' roadmap and prioritize features.
You can learn more, including how to opt-out if you'd not like to participate in this anonymous program, by visiting the following URL:
https://nextjs.org/telemetry

 ✓ Ready in 1271ms
 ○ Compiling / ...
 ✓ Compiled / in 2.6s (658 modules)
 GET / 200 in 2824ms
 ✓ Compiled in 370ms (331 modules)
 ✓ Compiled in 291ms (639 modules)
 GET / 200 in 64ms
 ✓ Compiled /api/pipelines in 167ms (351 modules)
 GET /api/pipelines 200 in 597ms
 GET /api/pipelines 200 in 156ms
 ✓ Compiled in 462ms (682 modules)
[?25h
