$ next build
  ▲ Next.js 14.2.28
  - Environments: .env
  - Experiments (use with caution):
    · outputFileTracingRoot

   Creating an optimized production build ...
 ✓ Compiled successfully
   Skipping linting
   Checking validity of types ...
   Collecting page data ...
   Generating static pages (0/7) ...
   Generating static pages (1/7) 
   Generating static pages (3/7) 
   Generating static pages (5/7) 
 ✓ Generating static pages (7/7)
   Finalizing page optimization ...
   Collecting build traces ...

Route (app)                              Size     First Load JS
┌ ○ /                                    3.09 kB         113 kB
├ ○ /_not-found                          876 B            88 kB
├ ○ /api/pipelines                       0 B                0 B
├ ƒ /api/pipelines/[pipelineId]          0 B                0 B
├ ○ /manufacturers                       4.59 kB         129 kB
└ ○ /products                            4.71 kB         129 kB
+ First Load JS shared by all            87.1 kB
  ├ chunks/1dd3208c-92b504c62a7fc47f.js  53.7 kB
  ├ chunks/528-e27ef9d23c94e64c.js       31.6 kB
  └ other shared chunks (total)          1.89 kB


○  (Static)   prerendered as static content
ƒ  (Dynamic)  server-rendered on demand

